<?xml version="1.0" encoding="UTF-8"?>
<!-- Generated by org.testng.reporters.JUnitReportReporter -->
<testsuite hostname="LAPTOP-GGIOLCA8" failures="0" tests="1" name="testCases.TC002_LoginTest" time="1.984" errors="0" timestamp="2025-01-24T18:36:25 IST" skipped="0">
  <testcase classname="testCases.TC002_LoginTest" name="verify_login" time="1.984"/>
</testsuite> <!-- testCases.TC002_LoginTest -->
