<?xml version="1.0" encoding="UTF-8"?>
<!-- Generated by org.testng.reporters.JUnitReportReporter -->
<testsuite hostname="LAPTOP-GGIOLCA8" failures="0" tests="2" name="testCases.TC001_Account_Registeration" time="6.265" errors="0" timestamp="2025-02-17T07:44:32 IST" skipped="0">
  <testcase classname="testCases.TC001_Account_Registeration" name="verify_acc_reg" time="2.423"/>
  <testcase classname="testCases.TC001_Account_Registeration" name="verify_acc_reg" time="3.842"/>
</testsuite> <!-- testCases.TC001_Account_Registeration -->
