<?xml version="1.0" encoding="UTF-8"?>
<!-- Generated by org.testng.reporters.JUnitReportReporter -->
<testsuite hostname="LAPTOP-GGIOLCA8" failures="0" tests="1" name="testCases.TC002_LoginTest" time="1.597" errors="0" timestamp="2025-02-17T07:59:59 IST" skipped="0">
  <testcase classname="testCases.TC002_LoginTest" name="verify_login" time="1.597"/>
</testsuite> <!-- testCases.TC002_LoginTest -->
